[    1527ms] [ERROR] Failed to load resource: the server responded with a status of 404 (Not Found) @ http://localhost:4200/hubs/team/negotiate?negotiateVersion=1:0
[    1528ms] [ERROR] Failed to load resource: the server responded with a status of 404 (Not Found) @ http://localhost:4200/api/health:0
[    1532ms] [ERROR] Failed to load resource: the server responded with a status of 404 (Not Found) @ http://localhost:4200/api/notifications:0
[    1538ms] [ERROR] HttpErrorResponse @ http://localhost:4200/main.js:13101
[    1540ms] [ERROR] HttpErrorResponse @ http://localhost:4200/main.js:13101
[    1541ms] [ERROR] [2026-05-05T12:29:23.556Z] Error: Failed to complete negotiation with the server: Error: <!DOCTYPE html>
<html lang="en">
<head>
<meta charset="utf-8">
<title>Error</title>
</head>
<body>
<pre>Cannot POST /hubs/team/negotiate</pre>
</body>
</html>
: Status code '404' Either this is not a SignalR endpoint or there is a proxy blocking the connection. @ http://localhost:4200/@fs/C:/projects/TheUpperRoom/frontend/.angular/cache/21.2.9/app-shell/vite/deps/@microsoft_signalr.js?v=b2c97054:293
[    1541ms] [ERROR] [2026-05-05T12:29:23.556Z] Error: Failed to start the connection: Error: Failed to complete negotiation with the server: Error: <!DOCTYPE html>
<html lang="en">
<head>
<meta charset="utf-8">
<title>Error</title>
</head>
<body>
<pre>Cannot POST /hubs/team/negotiate</pre>
</body>
</html>
: Status code '404' Either this is not a SignalR endpoint or there is a proxy blocking the connection. @ http://localhost:4200/@fs/C:/projects/TheUpperRoom/frontend/.angular/cache/21.2.9/app-shell/vite/deps/@microsoft_signalr.js?v=b2c97054:293
[    1552ms] [ERROR] FailedToNegotiateWithServerError: Failed to complete negotiation with the server: Error: <!DOCTYPE html>
<html lang="en">
<head>
<meta charset="utf-8">
<title>Error</title>
</head>
<body>
<pre>Cannot POST /hubs/team/negotiate</pre>
</body>
</html>
: Status code '404' Either this is not a SignalR endpoint or there is a proxy blocking the connection.
    at HttpConnection._getNegotiationResponse (http://localhost:4200/@fs/C:/projects/TheUpperRoom/frontend/.angular/cache/21.2.9/app-shell/vite/deps/@microsoft_signalr.js?v=b2c97054:2354:29)
    at async HttpConnection._startInternal (http://localhost:4200/@fs/C:/projects/TheUpperRoom/frontend/.angular/cache/21.2.9/app-shell/vite/deps/@microsoft_signalr.js?v=b2c97054:2281:31)
    at async HttpConnection.start (http://localhost:4200/@fs/C:/projects/TheUpperRoom/frontend/.angular/cache/21.2.9/app-shell/vite/deps/@microsoft_signalr.js?v=b2c97054:2209:5)
    at async _HubConnection._startInternal (http://localhost:4200/@fs/C:/projects/TheUpperRoom/frontend/.angular/cache/21.2.9/app-shell/vite/deps/@microsoft_signalr.js?v=b2c97054:988:5)
    at async _HubConnection._startWithStateTransitions (http://localhost:4200/@fs/C:/projects/TheUpperRoom/frontend/.angular/cache/21.2.9/app-shell/vite/deps/@microsoft_signalr.js?v=b2c97054:968:7)
    at async _RealtimeService.connect (http://localhost:4200/main.js:561:7) @ http://localhost:4200/main.js:13101
[    1682ms] [ERROR] Failed to load resource: net::ERR_CONNECTION_REFUSED @ http://localhost:4200/api/logs:0
[    1722ms] [ERROR] Failed to load resource: net::ERR_CONNECTION_REFUSED @ http://localhost:4200/api/logs:0
[    2208ms] [ERROR] Failed to load resource: net::ERR_CONNECTION_REFUSED @ http://localhost:4200/api/logs:0
[    2224ms] [ERROR] Failed to load resource: the server responded with a status of 404 (Not Found) @ http://localhost:4200/api/logs:0
[    2242ms] [ERROR] Failed to load resource: the server responded with a status of 404 (Not Found) @ http://localhost:4200/api/logs:0
[    2253ms] [ERROR] Failed to load resource: the server responded with a status of 404 (Not Found) @ http://localhost:4200/api/logs:0
[    2264ms] [ERROR] Failed to load resource: the server responded with a status of 404 (Not Found) @ http://localhost:4200/api/logs:0
[    2275ms] [ERROR] Failed to load resource: the server responded with a status of 404 (Not Found) @ http://localhost:4200/api/logs:0
[    2284ms] [ERROR] Failed to load resource: the server responded with a status of 404 (Not Found) @ http://localhost:4200/api/logs:0
[    2293ms] [ERROR] Failed to load resource: the server responded with a status of 404 (Not Found) @ http://localhost:4200/api/logs:0
[    2303ms] [ERROR] Failed to load resource: the server responded with a status of 404 (Not Found) @ http://localhost:4200/api/logs:0
[    2311ms] [ERROR] Failed to load resource: the server responded with a status of 404 (Not Found) @ http://localhost:4200/api/logs:0
[    2321ms] [ERROR] Failed to load resource: the server responded with a status of 404 (Not Found) @ http://localhost:4200/api/logs:0
[    2330ms] [ERROR] Failed to load resource: the server responded with a status of 404 (Not Found) @ http://localhost:4200/api/logs:0
[    2340ms] [ERROR] Failed to load resource: the server responded with a status of 404 (Not Found) @ http://localhost:4200/api/logs:0
[    2361ms] [ERROR] Failed to load resource: the server responded with a status of 404 (Not Found) @ http://localhost:4200/api/logs:0
[    2371ms] [ERROR] Failed to load resource: the server responded with a status of 404 (Not Found) @ http://localhost:4200/api/logs:0
[    2379ms] [ERROR] Failed to load resource: the server responded with a status of 404 (Not Found) @ http://localhost:4200/api/logs:0
[    2387ms] [ERROR] Failed to load resource: the server responded with a status of 404 (Not Found) @ http://localhost:4200/api/logs:0
[    2397ms] [ERROR] Failed to load resource: the server responded with a status of 404 (Not Found) @ http://localhost:4200/api/logs:0
[    2405ms] [ERROR] Failed to load resource: the server responded with a status of 404 (Not Found) @ http://localhost:4200/api/logs:0
[    2414ms] [ERROR] Failed to load resource: the server responded with a status of 404 (Not Found) @ http://localhost:4200/api/logs:0
[    2424ms] [ERROR] Failed to load resource: the server responded with a status of 404 (Not Found) @ http://localhost:4200/api/logs:0
[    2433ms] [ERROR] Failed to load resource: the server responded with a status of 404 (Not Found) @ http://localhost:4200/api/logs:0
[    2442ms] [ERROR] Failed to load resource: the server responded with a status of 404 (Not Found) @ http://localhost:4200/api/logs:0
[    2452ms] [ERROR] Failed to load resource: the server responded with a status of 404 (Not Found) @ http://localhost:4200/api/logs:0
[    2460ms] [ERROR] Failed to load resource: the server responded with a status of 404 (Not Found) @ http://localhost:4200/api/logs:0
[    2468ms] [ERROR] Failed to load resource: the server responded with a status of 404 (Not Found) @ http://localhost:4200/api/logs:0
[    2477ms] [ERROR] Failed to load resource: the server responded with a status of 404 (Not Found) @ http://localhost:4200/api/logs:0
[    2486ms] [ERROR] Failed to load resource: the server responded with a status of 404 (Not Found) @ http://localhost:4200/api/logs:0
[    2495ms] [ERROR] Failed to load resource: the server responded with a status of 404 (Not Found) @ http://localhost:4200/api/logs:0
[    2504ms] [ERROR] Failed to load resource: the server responded with a status of 404 (Not Found) @ http://localhost:4200/api/logs:0
[    2513ms] [ERROR] Failed to load resource: the server responded with a status of 404 (Not Found) @ http://localhost:4200/api/logs:0
[    2522ms] [ERROR] Failed to load resource: the server responded with a status of 404 (Not Found) @ http://localhost:4200/api/logs:0
[    2529ms] [ERROR] Failed to load resource: the server responded with a status of 404 (Not Found) @ http://localhost:4200/api/logs:0
[    2538ms] [ERROR] Failed to load resource: the server responded with a status of 404 (Not Found) @ http://localhost:4200/api/logs:0
[    2547ms] [ERROR] Failed to load resource: the server responded with a status of 404 (Not Found) @ http://localhost:4200/api/logs:0
[    2556ms] [ERROR] Failed to load resource: the server responded with a status of 404 (Not Found) @ http://localhost:4200/api/logs:0
[    2564ms] [ERROR] Failed to load resource: the server responded with a status of 404 (Not Found) @ http://localhost:4200/api/logs:0
[    2573ms] [ERROR] Failed to load resource: the server responded with a status of 404 (Not Found) @ http://localhost:4200/api/logs:0
[    2582ms] [ERROR] Failed to load resource: the server responded with a status of 404 (Not Found) @ http://localhost:4200/api/logs:0
[    2592ms] [ERROR] Failed to load resource: the server responded with a status of 404 (Not Found) @ http://localhost:4200/api/logs:0
[    2601ms] [ERROR] Failed to load resource: the server responded with a status of 404 (Not Found) @ http://localhost:4200/api/logs:0
[    2610ms] [ERROR] Failed to load resource: the server responded with a status of 404 (Not Found) @ http://localhost:4200/api/logs:0
[    2619ms] [ERROR] Failed to load resource: the server responded with a status of 404 (Not Found) @ http://localhost:4200/api/logs:0
[    3383ms] [ERROR] WebSocket connection to 'ws://localhost:4200/?token=eC4qJLBv9b0B' failed: Error in connection establishment: net::ERR_CONNECTION_REFUSED @ http://localhost:4200/@vite/client:744
[    3562ms] [ERROR] Failed to load resource: net::ERR_CONNECTION_REFUSED @ http://localhost:4200/api/logs:0
[    3577ms] [ERROR] Failed to load resource: net::ERR_CONNECTION_REFUSED @ http://localhost:4200/api/logs:0
[    3593ms] [ERROR] Failed to load resource: net::ERR_CONNECTION_REFUSED @ http://localhost:4200/api/logs:0
[    3750ms] [ERROR] Failed to load resource: net::ERR_CONNECTION_REFUSED @ http://localhost:4200/api/logs:0
[    3781ms] [ERROR] Failed to load resource: net::ERR_CONNECTION_REFUSED @ http://localhost:4200/api/logs:0
[    4654ms] [ERROR] Failed to load resource: net::ERR_CONNECTION_REFUSED @ http://localhost:4200/api/logs:0
[    4666ms] [ERROR] Failed to load resource: the server responded with a status of 404 (Not Found) @ http://localhost:4200/api/logs:0
[    4679ms] [ERROR] Failed to load resource: the server responded with a status of 404 (Not Found) @ http://localhost:4200/api/logs:0
[    4694ms] [ERROR] Failed to load resource: the server responded with a status of 404 (Not Found) @ http://localhost:4200/api/logs:0
[    4709ms] [ERROR] Failed to load resource: the server responded with a status of 404 (Not Found) @ http://localhost:4200/api/logs:0
[    4724ms] [ERROR] Failed to load resource: the server responded with a status of 404 (Not Found) @ http://localhost:4200/api/logs:0
[    4738ms] [ERROR] Failed to load resource: the server responded with a status of 404 (Not Found) @ http://localhost:4200/api/logs:0
[    4751ms] [ERROR] Failed to load resource: the server responded with a status of 404 (Not Found) @ http://localhost:4200/api/logs:0
[    4764ms] [ERROR] Failed to load resource: the server responded with a status of 404 (Not Found) @ http://localhost:4200/api/logs:0
[    4780ms] [ERROR] Failed to load resource: the server responded with a status of 404 (Not Found) @ http://localhost:4200/api/logs:0
[    4793ms] [ERROR] Failed to load resource: the server responded with a status of 404 (Not Found) @ http://localhost:4200/api/logs:0
[    5433ms] [ERROR] WebSocket connection to 'ws://localhost:4200/?token=eC4qJLBv9b0B' failed: Error in connection establishment: net::ERR_CONNECTION_REFUSED @ http://localhost:4200/@vite/client:754
[    5433ms] [ERROR] [vite] failed to connect to websocket.
your current setup:
  (browser) localhost:4200/ <--[HTTP]--> localhost:4200/ (server)
  (browser) localhost:4200/ <--[WebSocket (failing)]--> localhost:4200/ (server)
Check out your Vite / network configuration and https://vite.dev/config/server-options.html#server-hmr . @ http://localhost:4200/@vite/client:764
[    5607ms] [ERROR] Failed to load resource: net::ERR_CONNECTION_REFUSED @ http://localhost:4200/api/logs:0
[    5622ms] [ERROR] Failed to load resource: net::ERR_CONNECTION_REFUSED @ http://localhost:4200/api/logs:0
[    5670ms] [ERROR] Failed to load resource: net::ERR_CONNECTION_REFUSED @ http://localhost:4200/api/logs:0
[    5797ms] [ERROR] Failed to load resource: net::ERR_CONNECTION_REFUSED @ http://localhost:4200/api/logs:0
[    5812ms] [ERROR] Failed to load resource: the server responded with a status of 404 (Not Found) @ http://localhost:4200/api/logs:0
[    5841ms] [ERROR] Failed to load resource: net::ERR_CONNECTION_REFUSED @ http://localhost:4200/api/logs:0
[    6811ms] [ERROR] Failed to load resource: net::ERR_CONNECTION_REFUSED @ http://localhost:4200/api/logs:0
[    7646ms] [ERROR] Failed to load resource: net::ERR_CONNECTION_REFUSED @ http://localhost:4200/api/logs:0
[    7659ms] [ERROR] Failed to load resource: net::ERR_CONNECTION_REFUSED @ http://localhost:4200/api/logs:0
[    7694ms] [ERROR] Failed to load resource: net::ERR_CONNECTION_REFUSED @ http://localhost:4200/api/logs:0
[    7852ms] [ERROR] Failed to load resource: net::ERR_CONNECTION_REFUSED @ http://localhost:4200/api/logs:0
[    7864ms] [ERROR] Failed to load resource: net::ERR_CONNECTION_REFUSED @ http://localhost:4200/api/logs:0
[    8843ms] [ERROR] Failed to load resource: net::ERR_CONNECTION_REFUSED @ http://localhost:4200/api/logs:0
[    9680ms] [ERROR] Failed to load resource: net::ERR_CONNECTION_REFUSED @ http://localhost:4200/api/logs:0
[    9691ms] [ERROR] Failed to load resource: net::ERR_CONNECTION_REFUSED @ http://localhost:4200/api/logs:0
[    9725ms] [ERROR] Failed to load resource: net::ERR_CONNECTION_REFUSED @ http://localhost:4200/api/logs:0
[    9899ms] [ERROR] Failed to load resource: net::ERR_CONNECTION_REFUSED @ http://localhost:4200/api/logs:0
[    9900ms] [ERROR] Failed to load resource: net::ERR_CONNECTION_REFUSED @ http://localhost:4200/api/logs:0
[    9918ms] [ERROR] Failed to load resource: the server responded with a status of 404 (Not Found) @ http://localhost:4200/api/logs:0
[   10874ms] [ERROR] Failed to load resource: net::ERR_CONNECTION_REFUSED @ http://localhost:4200/api/logs:0
