[   10801ms] [ERROR] Failed to load resource: the server responded with a status of 404 (Not Found) @ http://localhost:4200/hubs/team/negotiate?negotiateVersion=1:0
[   10801ms] [ERROR] Failed to load resource: the server responded with a status of 404 (Not Found) @ http://localhost:4200/api/health:0
[   10806ms] [ERROR] Failed to load resource: the server responded with a status of 404 (Not Found) @ http://localhost:4200/api/notifications:0
[   10808ms] [ERROR] Failed to load resource: the server responded with a status of 404 (Not Found) @ http://localhost:4200/api/partners:0
[   10827ms] [ERROR] HttpErrorResponse @ http://localhost:4200/main.js:13101
[   10829ms] [ERROR] HttpErrorResponse @ http://localhost:4200/main.js:13101
[   10831ms] [ERROR] [2026-05-05T12:33:17.649Z] Error: Failed to complete negotiation with the server: Error: <!DOCTYPE html>
<html lang="en">
<head>
<meta charset="utf-8">
<title>Error</title>
</head>
<body>
<pre>Cannot POST /hubs/team/negotiate</pre>
</body>
</html>
: Status code '404' Either this is not a SignalR endpoint or there is a proxy blocking the connection. @ http://localhost:4200/@fs/C:/projects/TheUpperRoom/frontend/.angular/cache/21.2.9/app-shell/vite/deps/@microsoft_signalr.js?v=b2c97054:293
[   10832ms] [ERROR] [2026-05-05T12:33:17.649Z] Error: Failed to start the connection: Error: Failed to complete negotiation with the server: Error: <!DOCTYPE html>
<html lang="en">
<head>
<meta charset="utf-8">
<title>Error</title>
</head>
<body>
<pre>Cannot POST /hubs/team/negotiate</pre>
</body>
</html>
: Status code '404' Either this is not a SignalR endpoint or there is a proxy blocking the connection. @ http://localhost:4200/@fs/C:/projects/TheUpperRoom/frontend/.angular/cache/21.2.9/app-shell/vite/deps/@microsoft_signalr.js?v=b2c97054:293
[   10832ms] [ERROR] Failed to load resource: the server responded with a status of 404 (Not Found) @ http://localhost:4200/api/logs:0
[   10835ms] [ERROR] FailedToNegotiateWithServerError: Failed to complete negotiation with the server: Error: <!DOCTYPE html>
<html lang="en">
<head>
<meta charset="utf-8">
<title>Error</title>
</head>
<body>
<pre>Cannot POST /hubs/team/negotiate</pre>
</body>
</html>
: Status code '404' Either this is not a SignalR endpoint or there is a proxy blocking the connection.
    at HttpConnection._getNegotiationResponse (http://localhost:4200/@fs/C:/projects/TheUpperRoom/frontend/.angular/cache/21.2.9/app-shell/vite/deps/@microsoft_signalr.js?v=b2c97054:2354:29)
    at async HttpConnection._startInternal (http://localhost:4200/@fs/C:/projects/TheUpperRoom/frontend/.angular/cache/21.2.9/app-shell/vite/deps/@microsoft_signalr.js?v=b2c97054:2281:31)
    at async HttpConnection.start (http://localhost:4200/@fs/C:/projects/TheUpperRoom/frontend/.angular/cache/21.2.9/app-shell/vite/deps/@microsoft_signalr.js?v=b2c97054:2209:5)
    at async _HubConnection._startInternal (http://localhost:4200/@fs/C:/projects/TheUpperRoom/frontend/.angular/cache/21.2.9/app-shell/vite/deps/@microsoft_signalr.js?v=b2c97054:988:5)
    at async _HubConnection._startWithStateTransitions (http://localhost:4200/@fs/C:/projects/TheUpperRoom/frontend/.angular/cache/21.2.9/app-shell/vite/deps/@microsoft_signalr.js?v=b2c97054:968:7)
    at async _RealtimeService.connect (http://localhost:4200/main.js:561:7) @ http://localhost:4200/main.js:13101
[   10839ms] [ERROR] Failed to load resource: the server responded with a status of 404 (Not Found) @ http://localhost:4200/api/logs:0
[   10843ms] [ERROR] Failed to load resource: the server responded with a status of 404 (Not Found) @ http://localhost:4200/api/logs:0
[   10851ms] [ERROR] Failed to load resource: the server responded with a status of 404 (Not Found) @ http://localhost:4200/api/logs:0
[   10860ms] [ERROR] Failed to load resource: the server responded with a status of 404 (Not Found) @ http://localhost:4200/api/logs:0
[   10868ms] [ERROR] Failed to load resource: the server responded with a status of 404 (Not Found) @ http://localhost:4200/api/logs:0
[   10877ms] [ERROR] Failed to load resource: the server responded with a status of 404 (Not Found) @ http://localhost:4200/api/logs:0
[   10885ms] [ERROR] Failed to load resource: the server responded with a status of 404 (Not Found) @ http://localhost:4200/api/logs:0
[   10894ms] [ERROR] Failed to load resource: the server responded with a status of 404 (Not Found) @ http://localhost:4200/api/logs:0
[   10904ms] [ERROR] Failed to load resource: the server responded with a status of 404 (Not Found) @ http://localhost:4200/api/logs:0
[   10913ms] [ERROR] Failed to load resource: the server responded with a status of 404 (Not Found) @ http://localhost:4200/api/logs:0
[   10922ms] [ERROR] Failed to load resource: the server responded with a status of 404 (Not Found) @ http://localhost:4200/api/logs:0
[   10932ms] [ERROR] Failed to load resource: the server responded with a status of 404 (Not Found) @ http://localhost:4200/api/logs:0
[   10940ms] [ERROR] Failed to load resource: the server responded with a status of 404 (Not Found) @ http://localhost:4200/api/logs:0
[   10950ms] [ERROR] Failed to load resource: the server responded with a status of 404 (Not Found) @ http://localhost:4200/api/logs:0
[   10960ms] [ERROR] Failed to load resource: the server responded with a status of 404 (Not Found) @ http://localhost:4200/api/logs:0
[   10969ms] [ERROR] Failed to load resource: the server responded with a status of 404 (Not Found) @ http://localhost:4200/api/logs:0
[   10979ms] [ERROR] Failed to load resource: the server responded with a status of 404 (Not Found) @ http://localhost:4200/api/logs:0
[   10995ms] [ERROR] Failed to load resource: the server responded with a status of 404 (Not Found) @ http://localhost:4200/api/logs:0
[   11002ms] [ERROR] Failed to load resource: the server responded with a status of 404 (Not Found) @ http://localhost:4200/api/logs:0
[   11012ms] [ERROR] Failed to load resource: the server responded with a status of 404 (Not Found) @ http://localhost:4200/api/logs:0
[   11021ms] [ERROR] Failed to load resource: the server responded with a status of 404 (Not Found) @ http://localhost:4200/api/logs:0
[   11029ms] [ERROR] Failed to load resource: the server responded with a status of 404 (Not Found) @ http://localhost:4200/api/logs:0
[   12148ms] [ERROR] Failed to load resource: net::ERR_CONNECTION_REFUSED @ http://localhost:4200/api/logs:0
[   12465ms] [ERROR] Failed to load resource: net::ERR_CONNECTION_REFUSED @ http://localhost:4200/api/logs:0
[   12467ms] [ERROR] Failed to load resource: net::ERR_CONNECTION_REFUSED @ http://localhost:4200/api/logs:0
[   12474ms] [ERROR] Failed to load resource: net::ERR_CONNECTION_REFUSED @ http://localhost:4200/api/logs:0
[   12600ms] [ERROR] WebSocket connection to 'ws://localhost:4200/?token=eC4qJLBv9b0B' failed: Error in connection establishment: net::ERR_CONNECTION_REFUSED @ http://localhost:4200/@vite/client:744
[   12839ms] [ERROR] Failed to load resource: net::ERR_CONNECTION_REFUSED @ http://localhost:4200/api/logs:0
[   12849ms] [ERROR] Failed to load resource: the server responded with a status of 404 (Not Found) @ http://localhost:4200/api/logs:0
[   12860ms] [ERROR] Failed to load resource: the server responded with a status of 404 (Not Found) @ http://localhost:4200/api/logs:0
[   13059ms] [ERROR] Failed to load resource: net::ERR_CONNECTION_REFUSED @ http://localhost:4200/api/logs:0
[   13067ms] [ERROR] Failed to load resource: the server responded with a status of 404 (Not Found) @ http://localhost:4200/api/logs:0
[   13076ms] [ERROR] Failed to load resource: the server responded with a status of 404 (Not Found) @ http://localhost:4200/api/logs:0
[   14174ms] [ERROR] Failed to load resource: net::ERR_CONNECTION_REFUSED @ http://localhost:4200/api/logs:0
[   14490ms] [ERROR] Failed to load resource: net::ERR_CONNECTION_REFUSED @ http://localhost:4200/api/logs:0
[   14491ms] [ERROR] Failed to load resource: net::ERR_CONNECTION_REFUSED @ http://localhost:4200/api/logs:0
[   14503ms] [ERROR] Failed to load resource: net::ERR_CONNECTION_REFUSED @ http://localhost:4200/api/logs:0
[   14632ms] [ERROR] WebSocket connection to 'ws://localhost:4200/?token=eC4qJLBv9b0B' failed: Error in connection establishment: net::ERR_CONNECTION_REFUSED @ http://localhost:4200/@vite/client:754
[   14632ms] [ERROR] [vite] failed to connect to websocket.
your current setup:
  (browser) localhost:4200/ <--[HTTP]--> localhost:4200/ (server)
  (browser) localhost:4200/ <--[WebSocket (failing)]--> localhost:4200/ (server)
Check out your Vite / network configuration and https://vite.dev/config/server-options.html#server-hmr . @ http://localhost:4200/@vite/client:764
